# JRE version: OpenJDK Runtime Environment (21.0.5) (build 21.0.5+-13047016-b750.29)
# Java VM: OpenJDK 64-Bit Server VM (21.0.5+-13047016-b750.29, mixed mode, tiered, compressed oops, compressed class ptrs, g1 gc, windows-amd64)
GC Precious Log:
 CardTable entry size: 512
 Card Set container configuration: InlinePtr #cards 5 size 8 Array Of Cards #cards 12 size 40 Howl #buckets 4 coarsen threshold 1843 Howl Bitmap #cards 512 size 80 coarsen threshold 460 Card regions per heap region 1 cards per card region 2048
 CPUs: 4 total, 4 available
 Memory: 7971M
 Large Page Support: Disabled
 NUMA Support: Disabled
 Compressed Oops: Enabled (32-bit)
 Heap Region Size: 1M
 Heap Min Capacity: 8M
 Heap Initial Capacity: 126M
 Heap Max Capacity: 2G
 Pre-touch: Disabled
 Parallel Workers: 4
 Concurrent Workers: 1
 Concurrent Refinement Workers: 4
 Periodic GC: Disabled
Heap:
 garbage-first heap   total 436224K, used 260490K [0x0000000080000000, 0x0000000100000000)
  region size 1024K, 127 young (130048K), 6 survivors (6144K)
 Metaspace       used 170112K, committed 171904K, reserved 1245184K
  class space    used 21100K, committed 22208K, reserved 1048576K
GC Heap History (20 events):
Event: 7092.781 GC heap before
{Heap before GC invocations=113 (full 0):
 garbage-first heap   total 604160K, used 551220K [0x0000000080000000, 0x0000000100000000)
  region size 1024K, 312 young (319488K), 6 survivors (6144K)
 Metaspace       used 164197K, committed 166592K, reserved 1245184K
  class space    used 20385K, committed 22016K, reserved 1048576K
}
Event: 7095.022 GC heap after
{Heap after GC invocations=114 (full 1):
 garbage-first heap   total 337920K, used 99243K [0x0000000080000000, 0x0000000100000000)
  region size 1024K, 0 young (0K), 0 survivors (0K)
 Metaspace       used 164171K, committed 166592K, reserved 1245184K
  class space    used 20378K, committed 22016K, reserved 1048576K
}
Event: 7671.923 GC heap before
{Heap before GC invocations=114 (full 1):
 garbage-first heap   total 337920K, used 218027K [0x0000000080000000, 0x0000000100000000)
  region size 1024K, 118 young (120832K), 0 survivors (0K)
 Metaspace       used 169222K, committed 171072K, reserved 1245184K
  class space    used 21065K, committed 22208K, reserved 1048576K
}
Event: 7672.057 GC heap after
{Heap after GC invocations=115 (full 1):
 garbage-first heap   total 337920K, used 112107K [0x0000000080000000, 0x0000000100000000)
  region size 1024K, 13 young (13312K), 13 survivors (13312K)
 Metaspace       used 169222K, committed 171072K, reserved 1245184K
  class space    used 21065K, committed 22208K, reserved 1048576K
}
Event: 7677.230 GC heap before
{Heap before GC invocations=116 (full 1):
 garbage-first heap   total 337920K, used 309739K [0x0000000080000000, 0x0000000100000000)
  region size 1024K, 183 young (187392K), 13 survivors (13312K)
 Metaspace       used 168954K, committed 171136K, reserved 1245184K
  class space    used 21008K, committed 22208K, reserved 1048576K
}
Event: 7677.282 GC heap after
{Heap after GC invocations=117 (full 1):
 garbage-first heap   total 337920K, used 117675K [0x0000000080000000, 0x0000000100000000)
  region size 1024K, 18 young (18432K), 18 survivors (18432K)
 Metaspace       used 168954K, committed 171136K, reserved 1245184K
  class space    used 21008K, committed 22208K, reserved 1048576K
}
Event: 7710.052 GC heap before
{Heap before GC invocations=117 (full 1):
 garbage-first heap   total 337920K, used 291755K [0x0000000080000000, 0x0000000100000000)
  region size 1024K, 189 young (193536K), 18 survivors (18432K)
 Metaspace       used 169766K, committed 171584K, reserved 1245184K
  class space    used 21090K, committed 22208K, reserved 1048576K
}
Event: 7710.090 GC heap after
{Heap after GC invocations=118 (full 1):
 garbage-first heap   total 337920K, used 116300K [0x0000000080000000, 0x0000000100000000)
  region size 1024K, 13 young (13312K), 13 survivors (13312K)
 Metaspace       used 169766K, committed 171584K, reserved 1245184K
  class space    used 21090K, committed 22208K, reserved 1048576K
}
Event: 7714.613 GC heap before
{Heap before GC invocations=118 (full 1):
 garbage-first heap   total 337920K, used 149068K [0x0000000080000000, 0x0000000100000000)
  region size 1024K, 47 young (48128K), 13 survivors (13312K)
 Metaspace       used 169787K, committed 171584K, reserved 1245184K
  class space    used 21090K, committed 22208K, reserved 1048576K
}
Event: 7714.649 GC heap after
{Heap after GC invocations=119 (full 1):
 garbage-first heap   total 337920K, used 118348K [0x0000000080000000, 0x0000000100000000)
  region size 1024K, 15 young (15360K), 15 survivors (15360K)
 Metaspace       used 169787K, committed 171584K, reserved 1245184K
  class space    used 21090K, committed 22208K, reserved 1048576K
}
Event: 7832.081 GC heap before
{Heap before GC invocations=120 (full 1):
 garbage-first heap   total 337920K, used 334412K [0x0000000080000000, 0x0000000100000000)
  region size 1024K, 144 young (147456K), 15 survivors (15360K)
 Metaspace       used 169894K, committed 171712K, reserved 1245184K
  class space    used 21099K, committed 22208K, reserved 1048576K
}
Event: 7832.149 GC heap after
{Heap after GC invocations=121 (full 1):
 garbage-first heap   total 345088K, used 110981K [0x0000000080000000, 0x0000000100000000)
  region size 1024K, 3 young (3072K), 3 survivors (3072K)
 Metaspace       used 169894K, committed 171712K, reserved 1245184K
  class space    used 21099K, committed 22208K, reserved 1048576K
}
Event: 7835.988 GC heap before
{Heap before GC invocations=121 (full 1):
 garbage-first heap   total 386048K, used 383365K [0x0000000080000000, 0x0000000100000000)
  region size 1024K, 174 young (178176K), 3 survivors (3072K)
 Metaspace       used 169966K, committed 171776K, reserved 1245184K
  class space    used 21100K, committed 22208K, reserved 1048576K
}
Event: 7836.023 GC heap after
{Heap after GC invocations=122 (full 1):
 garbage-first heap   total 402432K, used 122977K [0x0000000080000000, 0x0000000100000000)
  region size 1024K, 15 young (15360K), 15 survivors (15360K)
 Metaspace       used 169966K, committed 171776K, reserved 1245184K
  class space    used 21100K, committed 22208K, reserved 1048576K
}
Event: 7943.745 GC heap before
{Heap before GC invocations=122 (full 1):
 garbage-first heap   total 402432K, used 253025K [0x0000000080000000, 0x0000000100000000)
  region size 1024K, 144 young (147456K), 15 survivors (15360K)
 Metaspace       used 170022K, committed 171840K, reserved 1245184K
  class space    used 21100K, committed 22208K, reserved 1048576K
}
Event: 7943.876 GC heap after
{Heap after GC invocations=123 (full 1):
 garbage-first heap   total 402432K, used 120929K [0x0000000080000000, 0x0000000100000000)
  region size 1024K, 13 young (13312K), 13 survivors (13312K)
 Metaspace       used 170022K, committed 171840K, reserved 1245184K
  class space    used 21100K, committed 22208K, reserved 1048576K
}
Event: 9346.751 GC heap before
{Heap before GC invocations=124 (full 1):
 garbage-first heap   total 402432K, used 399457K [0x0000000080000000, 0x0000000100000000)
  region size 1024K, 198 young (202752K), 13 survivors (13312K)
 Metaspace       used 170057K, committed 171904K, reserved 1245184K
  class space    used 21100K, committed 22208K, reserved 1048576K
}
Event: 9347.121 GC heap after
{Heap after GC invocations=125 (full 1):
 garbage-first heap   total 436224K, used 141467K [0x0000000080000000, 0x0000000100000000)
  region size 1024K, 30 young (30720K), 30 survivors (30720K)
 Metaspace       used 170057K, committed 171904K, reserved 1245184K
  class space    used 21100K, committed 22208K, reserved 1048576K
}
Event: 9352.196 GC heap before
{Heap before GC invocations=125 (full 1):
 garbage-first heap   total 436224K, used 316571K [0x0000000080000000, 0x0000000100000000)
  region size 1024K, 187 young (191488K), 30 survivors (30720K)
 Metaspace       used 170070K, committed 171904K, reserved 1245184K
  class space    used 21100K, committed 22208K, reserved 1048576K
}
Event: 9352.275 GC heap after
{Heap after GC invocations=126 (full 1):
 garbage-first heap   total 436224K, used 128394K [0x0000000080000000, 0x0000000100000000)
  region size 1024K, 6 young (6144K), 6 survivors (6144K)
 Metaspace       used 170070K, committed 171904K, reserved 1245184K
  class space    used 21100K, committed 22208K, reserved 1048576K
}

